<?xml version="1.0" encoding="UTF-8"?>
<!-- Generated by org.testng.reporters.JUnitReportReporter -->
<testsuite skipped="0" hostname="GUR00250127L" name="qaclickacademy.RestApiTest" tests="1" failures="0" timestamp="29 Aug 2019 12:58:10 GMT" time="0.010" errors="0">
  <testcase name="APITest" time="0.010" classname="qaclickacademy.RestApiTest"/>
</testsuite> <!-- qaclickacademy.RestApiTest -->
