<?xml version="1.0" encoding="UTF-8"?>
<!-- Generated by org.testng.reporters.JUnitReportReporter -->
<testsuite skipped="0" hostname="GUR00250127L" name="qaclickacademy.SeleniumTest" tests="1" failures="0" timestamp="24 Jun 2019 11:13:04 GMT" time="0.000" errors="0">
  <testcase name="APITest" time="0.000" classname="qaclickacademy.SeleniumTest"/>
</testsuite> <!-- qaclickacademy.SeleniumTest -->
