<?xml version="1.0" encoding="UTF-8"?>
<!-- Generated by org.testng.reporters.JUnitReportReporter -->
<testsuite skipped="0" hostname="GUR00250127L" name="qaclickacademy.RestApiTest" tests="1" failures="0" timestamp="24 Jun 2019 11:13:29 GMT" time="0.006" errors="0">
  <testcase name="APITest" time="0.006" classname="qaclickacademy.RestApiTest"/>
</testsuite> <!-- qaclickacademy.RestApiTest -->
